Arguments: 
  /usr/bin/node /usr/bin/yarn install

PATH: 
  /home/louis/anaconda3/condabin:/home/louis/.local/bin:/usr/local/bin:/usr/bin:/var/lib/snapd/snap/bin:/usr/local/sbin:/usr/lib/jvm/default/bin:/usr/bin/site_perl:/usr/bin/vendor_perl:/usr/bin/core_perl:/home/louis/Cours/M2/Mobile/Flutter/flutter/bin:/home/louis/dotnet:/home/louis/.dotnet/tools/:/home/louis/Cours/M2/AcLab/LocalTerra/terracore:/home/louis/Terraform

Yarn version: 
  1.22.17

Node version: 
  17.6.0

Platform: 
  linux x64

Trace: 
  Error: connect ECONNREFUSED 2606:4700::6810:1b23:443
      at TCPConnectWrap.afterConnect [as oncomplete] (node:net:1158:16)

npm manifest: 
  {
    "name": "front_end",
    "version": "0.1.0",
    "private": true,
    "dependencies": {
      "@ethersproject/units": "^5.5.0",
      "@material-ui/core": "^4.12.2",
      "@material-ui/lab": "^4.0.0-alpha.60",
      "@testing-library/jest-dom": "^5.11.4",
      "@testing-library/react": "^11.1.0",
      "@testing-library/user-event": "^12.1.10",
      "@types/jest": "^26.0.15",
      "@types/node": "^12.0.0",
      "@types/react": "^17.0.0",
      "@types/react-dom": "^17.0.0",
      "@usedapp/core": "^0.7.0",
      "ethers": "^5.5.2",
      "react": "^17.0.2",
      "react-dom": "^17.0.2",
      "react-scripts": "4.0.3",
      "typescript": "^4.1.2",
      "web-vitals": "^1.0.1"
    },
    "scripts": {
      "start": "react-scripts start",
      "build": "react-scripts build",
      "test": "react-scripts test",
      "eject": "react-scripts eject"
    },
    "eslintConfig": {
      "extends": [
        "react-app",
        "react-app/jest"
      ]
    },
    "browserslist": {
      "production": [
        ">0.2%",
        "not dead",
        "not op_mini all"
      ],
      "development": [
        "last 1 chrome version",
        "last 1 firefox version",
        "last 1 safari version"
      ]
    }
  }

yarn manifest: 
  No manifest

Lockfile: 
  No lockfile
